<?xml version="1.0" encoding="UTF-8"?>
<!-- Generated by org.testng.reporters.JUnitReportReporter -->
<testsuite hostname="DESKTOP-HN0JOUI" failures="0" tests="1" name="cqa_Demo.LaunchBrowser" time="221.203" errors="0" timestamp="2022-07-22T21:57:15 IST" skipped="0">
  <testcase classname="cqa_Demo.LaunchBrowser" name="launch" time="221.203"/>
  <system-out/>
</testsuite> <!-- cqa_Demo.LaunchBrowser -->
