<?xml version="1.0" encoding="UTF-8"?>
<!-- Generated by org.testng.reporters.JUnitReportReporter -->
<testsuite hostname="DESKTOP-HN0JOUI" failures="0" tests="1" name="cqa_Demo.Take_Screenshot" time="73.117" errors="0" timestamp="2022-07-25T11:00:39 IST" skipped="0">
  <testcase classname="cqa_Demo.Take_Screenshot" name="screenshot" time="73.117"/>
  <system-out/>
</testsuite> <!-- cqa_Demo.Take_Screenshot -->
