<?xml version="1.0" encoding="UTF-8"?>
<!-- Generated by org.testng.reporters.JUnitReportReporter -->
<testsuite hostname="DESKTOP-HN0JOUI" failures="0" tests="1" name="cqa_Demo.RemoveValuefromText_usingClearMethod" time="50.790" errors="0" timestamp="2022-07-25T02:36:32 IST" skipped="0">
  <testcase classname="cqa_Demo.RemoveValuefromText_usingClearMethod" name="clearMethod" time="50.790"/>
  <system-out/>
</testsuite> <!-- cqa_Demo.RemoveValuefromText_usingClearMethod -->
