<?xml version="1.0" encoding="UTF-8"?>
<!-- Generated by org.testng.reporters.JUnitReportReporter -->
<testsuite hostname="DESKTOP-HN0JOUI" failures="0" tests="1" name="cqa_Demo.VerifyFbUserNameAndPasswordFieldsAreAligned_intheSameRow" time="116.054" errors="0" timestamp="2022-07-24T22:34:22 IST" skipped="0">
  <testcase classname="cqa_Demo.VerifyFbUserNameAndPasswordFieldsAreAligned_intheSameRow" name="test" time="116.054"/>
  <system-out/>
</testsuite> <!-- cqa_Demo.VerifyFbUserNameAndPasswordFieldsAreAligned_intheSameRow -->
