<?xml version="1.0" encoding="UTF-8"?>
<!-- Generated by org.testng.reporters.JUnitReportReporter -->
<testsuite hostname="DESKTOP-HN0JOUI" failures="0" tests="1" name="cqa_Demo.Action_Cls_Methods" time="26.055" errors="0" timestamp="2022-07-26T22:51:41 IST" skipped="0">
  <testcase classname="cqa_Demo.Action_Cls_Methods" name="moveToElement" time="26.055"/>
  <system-out/>
</testsuite> <!-- cqa_Demo.Action_Cls_Methods -->
