<?xml version="1.0" encoding="UTF-8"?>
<!-- Generated by org.testng.reporters.JUnitReportReporter -->
<testsuite hostname="DESKTOP-HN0JOUI" failures="0" tests="1" name="cqa_Demo.WebTable_Example" time="11.086" errors="0" timestamp="2022-08-05T05:58:31 IST" skipped="0">
  <testcase classname="cqa_Demo.WebTable_Example" name="webTable" time="11.086"/>
  <system-out/>
</testsuite> <!-- cqa_Demo.WebTable_Example -->
