<?xml version="1.0" encoding="UTF-8"?>
<!-- Generated by org.testng.reporters.JUnitReportReporter -->
<testsuite hostname="DESKTOP-HN0JOUI" failures="0" tests="1" name="cqa_Demo.VerifyActime_UNandPassword_HeightandWidth" time="58.031" errors="0" timestamp="2022-07-25T01:31:46 IST" skipped="0">
  <testcase classname="cqa_Demo.VerifyActime_UNandPassword_HeightandWidth" name="hightWidth" time="58.031"/>
  <system-out/>
</testsuite> <!-- cqa_Demo.VerifyActime_UNandPassword_HeightandWidth -->
