<?xml version="1.0" encoding="UTF-8"?>
<!-- Generated by org.testng.reporters.JUnitReportReporter -->
<testsuite hostname="DESKTOP-HN0JOUI" failures="0" tests="1" name="cqa_Demo.VerifyUserNameAndPasswordAlignment" time="66.459" errors="0" timestamp="2022-07-24T23:44:09 IST" skipped="0">
  <testcase classname="cqa_Demo.VerifyUserNameAndPasswordAlignment" name="loginPageAreAlignedOrNot" time="66.459"/>
  <system-out/>
</testsuite> <!-- cqa_Demo.VerifyUserNameAndPasswordAlignment -->
