<?xml version="1.0" encoding="UTF-8"?>
<!-- Generated by org.testng.reporters.JUnitReportReporter -->
<testsuite hostname="DESKTOP-HN0JOUI" failures="0" tests="1" name="com.cqa.selenium.popup.PopUpHandling" time="130.439" errors="0" timestamp="2022-08-03T10:31:28 IST" skipped="0">
  <testcase classname="com.cqa.selenium.popup.PopUpHandling" name="autoit" time="130.439"/>
  <system-out/>
</testsuite> <!-- com.cqa.selenium.popup.PopUpHandling -->
