<?xml version="1.0" encoding="UTF-8"?>
<!-- Generated by org.testng.reporters.JUnitReportReporter -->
<testsuite hostname="DESKTOP-HN0JOUI" failures="0" tests="1" name="cqa_Demo.Facebook_Login" time="97.361" errors="0" timestamp="2022-08-05T10:15:03 IST" skipped="0">
  <testcase classname="cqa_Demo.Facebook_Login" name="login" time="97.361"/>
  <system-out/>
</testsuite> <!-- cqa_Demo.Facebook_Login -->
