<?xml version="1.0" encoding="UTF-8"?>
<!-- Generated by org.testng.reporters.JUnitReportReporter -->
<testsuite hostname="DESKTOP-HN0JOUI" failures="0" tests="1" name="cqa_Demo.Browser_Launching_Basedon_User_Input" time="105.388" errors="0" timestamp="2022-08-18T17:38:53 IST" skipped="0">
  <testcase classname="cqa_Demo.Browser_Launching_Basedon_User_Input" name="launching_Multiple_Browser" time="105.388"/>
  <system-out/>
</testsuite> <!-- cqa_Demo.Browser_Launching_Basedon_User_Input -->
