<?xml version="1.0" encoding="UTF-8"?>
<!-- Generated by org.testng.reporters.JUnitReportReporter -->
<testsuite hostname="DESKTOP-HN0JOUI" failures="0" tests="1" name="cqa_Demo.Robot_Class_Methods" time="161.363" errors="0" timestamp="2022-07-20T08:29:06 IST" skipped="0">
  <testcase classname="cqa_Demo.Robot_Class_Methods" name="mouseAndKeyboardOperation" time="161.363"/>
  <system-out/>
</testsuite> <!-- cqa_Demo.Robot_Class_Methods -->
