<?xml version="1.0" encoding="UTF-8"?>
<!-- Generated by org.testng.reporters.JUnitReportReporter -->
<testsuite hostname="DESKTOP-HN0JOUI" failures="0" tests="1" name="cqa_Demo.VerifyhomepageUsingTitle" time="103.707" errors="0" timestamp="2022-07-24T00:15:36 IST" skipped="0">
  <testcase classname="cqa_Demo.VerifyhomepageUsingTitle" name="homepage" time="103.707"/>
  <system-out/>
</testsuite> <!-- cqa_Demo.VerifyhomepageUsingTitle -->
