<?xml version="1.0" encoding="UTF-8"?>
<!-- Generated by org.testng.reporters.JUnitReportReporter -->
<testsuite hostname="DESKTOP-HN0JOUI" failures="0" tests="1" name="cqa_Demo.Child_Browser_Popup" time="113.952" errors="0" timestamp="2022-08-03T02:43:38 IST" skipped="0">
  <testcase classname="cqa_Demo.Child_Browser_Popup" name="countNumberOfBrowserWindows" time="113.952"/>
  <system-out/>
</testsuite> <!-- cqa_Demo.Child_Browser_Popup -->
